[0.117s] DEBUG:colcon:Command line arguments: ['/usr/bin/colcon', 'build']
[0.117s] DEBUG:colcon:Parsed command line arguments: Namespace(allow_overriding=[], ament_cmake_args=None, base_paths=['.'], build_base='build', catkin_cmake_args=None, catkin_skip_building_tests=False, cmake_args=None, cmake_clean_cache=False, cmake_clean_first=False, cmake_force_configure=False, cmake_target=None, cmake_target_skip_unavailable=False, continue_on_error=False, event_handlers=None, executor='parallel', ignore_user_meta=False, install_base='install', log_base=None, log_level=None, main=<bound method BuildVerb.main of <colcon_core.verb.build.BuildVerb object at 0x7f8d2c41c9d0>>, merge_install=False, metas=['./colcon.meta'], packages_above=None, packages_above_and_dependencies=None, packages_above_depth=None, packages_end=None, packages_ignore=None, packages_ignore_regex=None, packages_select=None, packages_select_build_failed=False, packages_select_by_dep=None, packages_select_regex=None, packages_select_test_failures=False, packages_skip=None, packages_skip_build_finished=False, packages_skip_by_dep=None, packages_skip_regex=None, packages_skip_test_passed=False, packages_skip_up_to=None, packages_start=None, packages_up_to=None, packages_up_to_regex=None, parallel_workers=8, paths=None, symlink_install=False, test_result_base=None, verb_extension=<colcon_core.verb.build.BuildVerb object at 0x7f8d2c41c9d0>, verb_name='build', verb_parser=<colcon_defaults.argument_parser.defaults.DefaultArgumentsDecorator object at 0x7f8d2c41cf40>)
[0.136s] Level 1:colcon.colcon_core.package_discovery:discover_packages(colcon_meta) check parameters
[0.136s] Level 1:colcon.colcon_core.package_discovery:discover_packages(recursive) check parameters
[0.136s] Level 1:colcon.colcon_core.package_discovery:discover_packages(ignore) check parameters
[0.136s] Level 1:colcon.colcon_core.package_discovery:discover_packages(path) check parameters
[0.136s] Level 1:colcon.colcon_core.package_discovery:discover_packages(colcon_meta) discover
[0.136s] Level 1:colcon.colcon_core.package_discovery:discover_packages(recursive) discover
[0.136s] INFO:colcon.colcon_core.package_discovery:Crawling recursively for packages in '/home/shiba/ros2_ws/src/happymimi_robot2/happymimi_msgs2'
[0.136s] Level 1:colcon.colcon_core.package_identification:_identify(.) by extensions ['ignore', 'ignore_ament_install']
[0.136s] Level 1:colcon.colcon_core.package_identification:_identify(.) by extension 'ignore'
[0.136s] Level 1:colcon.colcon_core.package_identification:_identify(.) by extension 'ignore_ament_install'
[0.136s] Level 1:colcon.colcon_core.package_identification:_identify(.) by extensions ['colcon_pkg']
[0.136s] Level 1:colcon.colcon_core.package_identification:_identify(.) by extension 'colcon_pkg'
[0.136s] Level 1:colcon.colcon_core.package_identification:_identify(.) by extensions ['colcon_meta']
[0.136s] Level 1:colcon.colcon_core.package_identification:_identify(.) by extension 'colcon_meta'
[0.136s] Level 1:colcon.colcon_core.package_identification:_identify(.) by extensions ['ros']
[0.136s] Level 1:colcon.colcon_core.package_identification:_identify(.) by extension 'ros'
[0.155s] DEBUG:colcon.colcon_core.package_identification:Package '.' with type 'ros.ament_cmake' and name 'happymimi_msgs2'
[0.155s] Level 1:colcon.colcon_core.package_discovery:discover_packages(recursive) using defaults
[0.155s] Level 1:colcon.colcon_core.package_discovery:discover_packages(ignore) discover
[0.155s] Level 1:colcon.colcon_core.package_discovery:discover_packages(ignore) using defaults
[0.155s] Level 1:colcon.colcon_core.package_discovery:discover_packages(path) discover
[0.155s] Level 1:colcon.colcon_core.package_discovery:discover_packages(path) using defaults
[0.178s] Level 1:colcon.colcon_core.package_discovery:discover_packages(prefix_path) check parameters
[0.178s] Level 1:colcon.colcon_core.package_discovery:discover_packages(prefix_path) discover
[0.180s] DEBUG:colcon.colcon_installed_package_information.package_discovery:Found 256 installed packages in /opt/ros/foxy
[0.181s] Level 1:colcon.colcon_core.package_discovery:discover_packages(prefix_path) using defaults
[0.230s] Level 5:colcon.colcon_core.verb:set package 'happymimi_msgs2' build argument 'cmake_args' from command line to 'None'
[0.230s] Level 5:colcon.colcon_core.verb:set package 'happymimi_msgs2' build argument 'cmake_target' from command line to 'None'
[0.230s] Level 5:colcon.colcon_core.verb:set package 'happymimi_msgs2' build argument 'cmake_target_skip_unavailable' from command line to 'False'
[0.230s] Level 5:colcon.colcon_core.verb:set package 'happymimi_msgs2' build argument 'cmake_clean_cache' from command line to 'False'
[0.230s] Level 5:colcon.colcon_core.verb:set package 'happymimi_msgs2' build argument 'cmake_clean_first' from command line to 'False'
[0.230s] Level 5:colcon.colcon_core.verb:set package 'happymimi_msgs2' build argument 'cmake_force_configure' from command line to 'False'
[0.230s] Level 5:colcon.colcon_core.verb:set package 'happymimi_msgs2' build argument 'ament_cmake_args' from command line to 'None'
[0.230s] Level 5:colcon.colcon_core.verb:set package 'happymimi_msgs2' build argument 'catkin_cmake_args' from command line to 'None'
[0.230s] Level 5:colcon.colcon_core.verb:set package 'happymimi_msgs2' build argument 'catkin_skip_building_tests' from command line to 'False'
[0.230s] DEBUG:colcon.colcon_core.verb:Building package 'happymimi_msgs2' with the following arguments: {'ament_cmake_args': None, 'build_base': '/home/shiba/ros2_ws/src/happymimi_robot2/happymimi_msgs2/build/happymimi_msgs2', 'catkin_cmake_args': None, 'catkin_skip_building_tests': False, 'cmake_args': None, 'cmake_clean_cache': False, 'cmake_clean_first': False, 'cmake_force_configure': False, 'cmake_target': None, 'cmake_target_skip_unavailable': False, 'install_base': '/home/shiba/ros2_ws/src/happymimi_robot2/happymimi_msgs2/install/happymimi_msgs2', 'merge_install': False, 'path': '/home/shiba/ros2_ws/src/happymimi_robot2/happymimi_msgs2', 'symlink_install': False, 'test_result_base': None}
[0.231s] INFO:colcon.colcon_core.executor:Executing jobs using 'parallel' executor
[0.234s] DEBUG:colcon.colcon_parallel_executor.executor.parallel:run_until_complete
[0.234s] INFO:colcon.colcon_ros.task.ament_cmake.build:Building ROS package in '/home/shiba/ros2_ws/src/happymimi_robot2/happymimi_msgs2' with build type 'ament_cmake'
[0.234s] INFO:colcon.colcon_cmake.task.cmake.build:Building CMake package in '/home/shiba/ros2_ws/src/happymimi_robot2/happymimi_msgs2'
[0.238s] INFO:colcon.colcon_core.plugin_system:Skipping extension 'colcon_core.shell.bat': Not used on non-Windows systems
[0.238s] INFO:colcon.colcon_core.shell:Skip shell extension 'powershell' for command environment: Not usable outside of PowerShell
[0.238s] DEBUG:colcon.colcon_core.shell:Skip shell extension 'dsv' for command environment
[0.245s] DEBUG:colcon.colcon_core.event_handler.log_command:Invoking command in '/home/shiba/ros2_ws/src/happymimi_robot2/happymimi_msgs2/build/happymimi_msgs2': CMAKE_PREFIX_PATH=/opt/ros/foxy /usr/bin/cmake /home/shiba/ros2_ws/src/happymimi_robot2/happymimi_msgs2 -DCMAKE_INSTALL_PREFIX=/home/shiba/ros2_ws/src/happymimi_robot2/happymimi_msgs2/install/happymimi_msgs2
[1.039s] DEBUG:colcon.colcon_core.event_handler.log_command:Invoked command in '/home/shiba/ros2_ws/src/happymimi_robot2/happymimi_msgs2/build/happymimi_msgs2' returned '0': CMAKE_PREFIX_PATH=/opt/ros/foxy /usr/bin/cmake /home/shiba/ros2_ws/src/happymimi_robot2/happymimi_msgs2 -DCMAKE_INSTALL_PREFIX=/home/shiba/ros2_ws/src/happymimi_robot2/happymimi_msgs2/install/happymimi_msgs2
[1.040s] DEBUG:colcon.colcon_core.event_handler.log_command:Invoking command in '/home/shiba/ros2_ws/src/happymimi_robot2/happymimi_msgs2/build/happymimi_msgs2': CMAKE_PREFIX_PATH=/opt/ros/foxy /usr/bin/cmake --build /home/shiba/ros2_ws/src/happymimi_robot2/happymimi_msgs2/build/happymimi_msgs2 -- -j8 -l8
[1.075s] DEBUG:colcon.colcon_core.event_handler.log_command:Invoked command in '/home/shiba/ros2_ws/src/happymimi_robot2/happymimi_msgs2/build/happymimi_msgs2' returned '0': CMAKE_PREFIX_PATH=/opt/ros/foxy /usr/bin/cmake --build /home/shiba/ros2_ws/src/happymimi_robot2/happymimi_msgs2/build/happymimi_msgs2 -- -j8 -l8
[1.103s] DEBUG:colcon.colcon_core.event_handler.log_command:Invoking command in '/home/shiba/ros2_ws/src/happymimi_robot2/happymimi_msgs2/build/happymimi_msgs2': CMAKE_PREFIX_PATH=/opt/ros/foxy /usr/bin/cmake --install /home/shiba/ros2_ws/src/happymimi_robot2/happymimi_msgs2/build/happymimi_msgs2
[1.112s] Level 1:colcon.colcon_core.environment:create_environment_scripts_only(happymimi_msgs2)
[1.114s] DEBUG:colcon.colcon_core.event_handler.log_command:Invoked command in '/home/shiba/ros2_ws/src/happymimi_robot2/happymimi_msgs2/build/happymimi_msgs2' returned '0': CMAKE_PREFIX_PATH=/opt/ros/foxy /usr/bin/cmake --install /home/shiba/ros2_ws/src/happymimi_robot2/happymimi_msgs2/build/happymimi_msgs2
[1.120s] Level 1:colcon.colcon_core.environment:checking '/home/shiba/ros2_ws/src/happymimi_robot2/happymimi_msgs2/install/happymimi_msgs2' for CMake module files
[1.120s] Level 1:colcon.colcon_core.environment:checking '/home/shiba/ros2_ws/src/happymimi_robot2/happymimi_msgs2/install/happymimi_msgs2' for CMake config files
[1.120s] Level 1:colcon.colcon_core.shell:create_environment_hook('happymimi_msgs2', 'cmake_prefix_path')
[1.121s] INFO:colcon.colcon_core.shell:Creating environment hook '/home/shiba/ros2_ws/src/happymimi_robot2/happymimi_msgs2/install/happymimi_msgs2/share/happymimi_msgs2/hook/cmake_prefix_path.ps1'
[1.122s] INFO:colcon.colcon_core.shell:Creating environment descriptor '/home/shiba/ros2_ws/src/happymimi_robot2/happymimi_msgs2/install/happymimi_msgs2/share/happymimi_msgs2/hook/cmake_prefix_path.dsv'
[1.122s] INFO:colcon.colcon_core.shell:Creating environment hook '/home/shiba/ros2_ws/src/happymimi_robot2/happymimi_msgs2/install/happymimi_msgs2/share/happymimi_msgs2/hook/cmake_prefix_path.sh'
[1.123s] Level 1:colcon.colcon_core.environment:checking '/home/shiba/ros2_ws/src/happymimi_robot2/happymimi_msgs2/install/happymimi_msgs2/bin'
[1.123s] Level 1:colcon.colcon_core.environment:checking '/home/shiba/ros2_ws/src/happymimi_robot2/happymimi_msgs2/install/happymimi_msgs2/lib/pkgconfig/happymimi_msgs2.pc'
[1.123s] Level 1:colcon.colcon_core.environment:checking '/home/shiba/ros2_ws/src/happymimi_robot2/happymimi_msgs2/install/happymimi_msgs2/lib/python3.8/site-packages'
[1.123s] Level 1:colcon.colcon_core.environment:checking '/home/shiba/ros2_ws/src/happymimi_robot2/happymimi_msgs2/install/happymimi_msgs2/bin'
[1.124s] INFO:colcon.colcon_core.shell:Creating package script '/home/shiba/ros2_ws/src/happymimi_robot2/happymimi_msgs2/install/happymimi_msgs2/share/happymimi_msgs2/package.ps1'
[1.125s] INFO:colcon.colcon_core.shell:Creating package descriptor '/home/shiba/ros2_ws/src/happymimi_robot2/happymimi_msgs2/install/happymimi_msgs2/share/happymimi_msgs2/package.dsv'
[1.126s] INFO:colcon.colcon_core.shell:Creating package script '/home/shiba/ros2_ws/src/happymimi_robot2/happymimi_msgs2/install/happymimi_msgs2/share/happymimi_msgs2/package.sh'
[1.126s] INFO:colcon.colcon_core.shell:Creating package script '/home/shiba/ros2_ws/src/happymimi_robot2/happymimi_msgs2/install/happymimi_msgs2/share/happymimi_msgs2/package.bash'
[1.127s] INFO:colcon.colcon_core.shell:Creating package script '/home/shiba/ros2_ws/src/happymimi_robot2/happymimi_msgs2/install/happymimi_msgs2/share/happymimi_msgs2/package.zsh'
[1.127s] Level 1:colcon.colcon_core.environment:create_file_with_runtime_dependencies(/home/shiba/ros2_ws/src/happymimi_robot2/happymimi_msgs2/install/happymimi_msgs2/share/colcon-core/packages/happymimi_msgs2)
[1.147s] Level 1:colcon.colcon_core.environment:create_environment_scripts_only(happymimi_msgs2)
[1.148s] Level 1:colcon.colcon_core.environment:checking '/home/shiba/ros2_ws/src/happymimi_robot2/happymimi_msgs2/install/happymimi_msgs2' for CMake module files
[1.149s] Level 1:colcon.colcon_core.environment:checking '/home/shiba/ros2_ws/src/happymimi_robot2/happymimi_msgs2/install/happymimi_msgs2' for CMake config files
[1.149s] Level 1:colcon.colcon_core.shell:create_environment_hook('happymimi_msgs2', 'cmake_prefix_path')
[1.150s] INFO:colcon.colcon_core.shell:Creating environment hook '/home/shiba/ros2_ws/src/happymimi_robot2/happymimi_msgs2/install/happymimi_msgs2/share/happymimi_msgs2/hook/cmake_prefix_path.ps1'
[1.150s] INFO:colcon.colcon_core.shell:Creating environment descriptor '/home/shiba/ros2_ws/src/happymimi_robot2/happymimi_msgs2/install/happymimi_msgs2/share/happymimi_msgs2/hook/cmake_prefix_path.dsv'
[1.151s] INFO:colcon.colcon_core.shell:Creating environment hook '/home/shiba/ros2_ws/src/happymimi_robot2/happymimi_msgs2/install/happymimi_msgs2/share/happymimi_msgs2/hook/cmake_prefix_path.sh'
[1.151s] Level 1:colcon.colcon_core.environment:checking '/home/shiba/ros2_ws/src/happymimi_robot2/happymimi_msgs2/install/happymimi_msgs2/bin'
[1.151s] Level 1:colcon.colcon_core.environment:checking '/home/shiba/ros2_ws/src/happymimi_robot2/happymimi_msgs2/install/happymimi_msgs2/lib/pkgconfig/happymimi_msgs2.pc'
[1.151s] Level 1:colcon.colcon_core.environment:checking '/home/shiba/ros2_ws/src/happymimi_robot2/happymimi_msgs2/install/happymimi_msgs2/lib/python3.8/site-packages'
[1.151s] Level 1:colcon.colcon_core.environment:checking '/home/shiba/ros2_ws/src/happymimi_robot2/happymimi_msgs2/install/happymimi_msgs2/bin'
[1.152s] INFO:colcon.colcon_core.shell:Creating package script '/home/shiba/ros2_ws/src/happymimi_robot2/happymimi_msgs2/install/happymimi_msgs2/share/happymimi_msgs2/package.ps1'
[1.153s] INFO:colcon.colcon_core.shell:Creating package descriptor '/home/shiba/ros2_ws/src/happymimi_robot2/happymimi_msgs2/install/happymimi_msgs2/share/happymimi_msgs2/package.dsv'
[1.153s] INFO:colcon.colcon_core.shell:Creating package script '/home/shiba/ros2_ws/src/happymimi_robot2/happymimi_msgs2/install/happymimi_msgs2/share/happymimi_msgs2/package.sh'
[1.153s] INFO:colcon.colcon_core.shell:Creating package script '/home/shiba/ros2_ws/src/happymimi_robot2/happymimi_msgs2/install/happymimi_msgs2/share/happymimi_msgs2/package.bash'
[1.154s] INFO:colcon.colcon_core.shell:Creating package script '/home/shiba/ros2_ws/src/happymimi_robot2/happymimi_msgs2/install/happymimi_msgs2/share/happymimi_msgs2/package.zsh'
[1.154s] Level 1:colcon.colcon_core.environment:create_file_with_runtime_dependencies(/home/shiba/ros2_ws/src/happymimi_robot2/happymimi_msgs2/install/happymimi_msgs2/share/colcon-core/packages/happymimi_msgs2)
[1.154s] DEBUG:colcon.colcon_parallel_executor.executor.parallel:closing loop
[1.154s] DEBUG:colcon.colcon_parallel_executor.executor.parallel:loop closed
[1.154s] DEBUG:colcon.colcon_parallel_executor.executor.parallel:run_until_complete finished with '0'
[1.154s] DEBUG:colcon.colcon_core.event_reactor:joining thread
[1.160s] INFO:colcon.colcon_core.plugin_system:Skipping extension 'colcon_notification.desktop_notification.terminal_notifier': Not used on non-Darwin systems
[1.160s] INFO:colcon.colcon_core.plugin_system:Skipping extension 'colcon_notification.desktop_notification.win32': Not used on non-Windows systems
[1.160s] INFO:colcon.colcon_notification.desktop_notification:Sending desktop notification using 'notify2'
[1.178s] DEBUG:colcon.colcon_core.event_reactor:joined thread
[1.179s] INFO:colcon.colcon_core.shell:Creating prefix script '/home/shiba/ros2_ws/src/happymimi_robot2/happymimi_msgs2/install/local_setup.ps1'
[1.180s] INFO:colcon.colcon_core.shell:Creating prefix util module '/home/shiba/ros2_ws/src/happymimi_robot2/happymimi_msgs2/install/_local_setup_util_ps1.py'
[1.181s] INFO:colcon.colcon_core.shell:Creating prefix chain script '/home/shiba/ros2_ws/src/happymimi_robot2/happymimi_msgs2/install/setup.ps1'
[1.182s] INFO:colcon.colcon_core.shell:Creating prefix script '/home/shiba/ros2_ws/src/happymimi_robot2/happymimi_msgs2/install/local_setup.sh'
[1.183s] INFO:colcon.colcon_core.shell:Creating prefix util module '/home/shiba/ros2_ws/src/happymimi_robot2/happymimi_msgs2/install/_local_setup_util_sh.py'
[1.184s] INFO:colcon.colcon_core.shell:Creating prefix chain script '/home/shiba/ros2_ws/src/happymimi_robot2/happymimi_msgs2/install/setup.sh'
[1.185s] INFO:colcon.colcon_core.shell:Creating prefix script '/home/shiba/ros2_ws/src/happymimi_robot2/happymimi_msgs2/install/local_setup.bash'
[1.185s] INFO:colcon.colcon_core.shell:Creating prefix chain script '/home/shiba/ros2_ws/src/happymimi_robot2/happymimi_msgs2/install/setup.bash'
[1.186s] INFO:colcon.colcon_core.shell:Creating prefix script '/home/shiba/ros2_ws/src/happymimi_robot2/happymimi_msgs2/install/local_setup.zsh'
[1.187s] INFO:colcon.colcon_core.shell:Creating prefix chain script '/home/shiba/ros2_ws/src/happymimi_robot2/happymimi_msgs2/install/setup.zsh'
