[0.010s] Invoking command in '/home/shiba/ros2_ws/src/happymimi_robot2/happymimi_msgs2/build/happymimi_msgs2': CMAKE_PREFIX_PATH=/opt/ros/foxy /usr/bin/cmake /home/shiba/ros2_ws/src/happymimi_robot2/happymimi_msgs2 -DCMAKE_INSTALL_PREFIX=/home/shiba/ros2_ws/src/happymimi_robot2/happymimi_msgs2/install/happymimi_msgs2
[0.142s] -- The C compiler identification is GNU 9.4.0
[0.233s] -- The CXX compiler identification is GNU 9.4.0
[0.239s] -- Check for working C compiler: /usr/bin/cc
[0.298s] -- Check for working C compiler: /usr/bin/cc -- works
[0.299s] -- Detecting C compiler ABI info
[0.358s] -- Detecting C compiler ABI info - done
[0.368s] -- Detecting C compile features
[0.368s] -- Detecting C compile features - done
[0.371s] -- Check for working CXX compiler: /usr/bin/c++
[0.438s] -- Check for working CXX compiler: /usr/bin/c++ -- works
[0.439s] -- Detecting CXX compiler ABI info
[0.505s] -- Detecting CXX compiler ABI info - done
[0.514s] -- Detecting CXX compile features
[0.515s] -- Detecting CXX compile features - done
[0.520s] -- Found ament_cmake: 0.9.11 (/opt/ros/foxy/share/ament_cmake/cmake)
[0.545s] -- Found PythonInterp: /usr/bin/python3 (found suitable version "3.8.10", minimum required is "3") 
[0.545s] -- Using PYTHON_EXECUTABLE: /usr/bin/python3
[0.721s] -- Found ament_lint_auto: 0.9.7 (/opt/ros/foxy/share/ament_lint_auto/cmake)
[0.784s] -- Added test 'copyright' to check source files copyright and LICENSE
[0.787s] -- Added test 'cppcheck' to perform static code analysis on C / C++ code
[0.787s] -- Configured cppcheck include dirs: 
[0.787s] -- Configured cppcheck exclude dirs and/or files: 
[0.790s] -- Added test 'cpplint' to check C / C++ code against the Google style
[0.790s] -- Configured cpplint exclude dirs and/or files: 
[0.791s] -- Added test 'lint_cmake' to check CMake code style
[0.794s] -- Added test 'uncrustify' to check C / C++ code style
[0.794s] -- Configured uncrustify additional arguments: 
[0.795s] -- Added test 'xmllint' to check XML markup files
[0.796s] -- Configuring done
[0.798s] -- Generating done
[0.799s] -- Build files have been written to: /home/shiba/ros2_ws/src/happymimi_robot2/happymimi_msgs2/build/happymimi_msgs2
[0.804s] Invoked command in '/home/shiba/ros2_ws/src/happymimi_robot2/happymimi_msgs2/build/happymimi_msgs2' returned '0': CMAKE_PREFIX_PATH=/opt/ros/foxy /usr/bin/cmake /home/shiba/ros2_ws/src/happymimi_robot2/happymimi_msgs2 -DCMAKE_INSTALL_PREFIX=/home/shiba/ros2_ws/src/happymimi_robot2/happymimi_msgs2/install/happymimi_msgs2
[0.805s] Invoking command in '/home/shiba/ros2_ws/src/happymimi_robot2/happymimi_msgs2/build/happymimi_msgs2': CMAKE_PREFIX_PATH=/opt/ros/foxy /usr/bin/cmake --build /home/shiba/ros2_ws/src/happymimi_robot2/happymimi_msgs2/build/happymimi_msgs2 -- -j8 -l8
[0.840s] Invoked command in '/home/shiba/ros2_ws/src/happymimi_robot2/happymimi_msgs2/build/happymimi_msgs2' returned '0': CMAKE_PREFIX_PATH=/opt/ros/foxy /usr/bin/cmake --build /home/shiba/ros2_ws/src/happymimi_robot2/happymimi_msgs2/build/happymimi_msgs2 -- -j8 -l8
[0.868s] Invoking command in '/home/shiba/ros2_ws/src/happymimi_robot2/happymimi_msgs2/build/happymimi_msgs2': CMAKE_PREFIX_PATH=/opt/ros/foxy /usr/bin/cmake --install /home/shiba/ros2_ws/src/happymimi_robot2/happymimi_msgs2/build/happymimi_msgs2
[0.875s] -- Install configuration: ""
[0.875s] -- Installing: /home/shiba/ros2_ws/src/happymimi_robot2/happymimi_msgs2/install/happymimi_msgs2/share/ament_index/resource_index/package_run_dependencies/happymimi_msgs2
[0.875s] -- Installing: /home/shiba/ros2_ws/src/happymimi_robot2/happymimi_msgs2/install/happymimi_msgs2/share/ament_index/resource_index/parent_prefix_path/happymimi_msgs2
[0.875s] -- Installing: /home/shiba/ros2_ws/src/happymimi_robot2/happymimi_msgs2/install/happymimi_msgs2/share/happymimi_msgs2/environment/ament_prefix_path.sh
[0.875s] -- Installing: /home/shiba/ros2_ws/src/happymimi_robot2/happymimi_msgs2/install/happymimi_msgs2/share/happymimi_msgs2/environment/ament_prefix_path.dsv
[0.875s] -- Installing: /home/shiba/ros2_ws/src/happymimi_robot2/happymimi_msgs2/install/happymimi_msgs2/share/happymimi_msgs2/environment/path.sh
[0.875s] -- Installing: /home/shiba/ros2_ws/src/happymimi_robot2/happymimi_msgs2/install/happymimi_msgs2/share/happymimi_msgs2/environment/path.dsv
[0.875s] -- Installing: /home/shiba/ros2_ws/src/happymimi_robot2/happymimi_msgs2/install/happymimi_msgs2/share/happymimi_msgs2/local_setup.bash
[0.875s] -- Installing: /home/shiba/ros2_ws/src/happymimi_robot2/happymimi_msgs2/install/happymimi_msgs2/share/happymimi_msgs2/local_setup.sh
[0.875s] -- Installing: /home/shiba/ros2_ws/src/happymimi_robot2/happymimi_msgs2/install/happymimi_msgs2/share/happymimi_msgs2/local_setup.zsh
[0.875s] -- Installing: /home/shiba/ros2_ws/src/happymimi_robot2/happymimi_msgs2/install/happymimi_msgs2/share/happymimi_msgs2/local_setup.dsv
[0.876s] -- Installing: /home/shiba/ros2_ws/src/happymimi_robot2/happymimi_msgs2/install/happymimi_msgs2/share/happymimi_msgs2/package.dsv
[0.876s] -- Installing: /home/shiba/ros2_ws/src/happymimi_robot2/happymimi_msgs2/install/happymimi_msgs2/share/ament_index/resource_index/packages/happymimi_msgs2
[0.876s] -- Installing: /home/shiba/ros2_ws/src/happymimi_robot2/happymimi_msgs2/install/happymimi_msgs2/share/happymimi_msgs2/cmake/happymimi_msgs2Config.cmake
[0.876s] -- Installing: /home/shiba/ros2_ws/src/happymimi_robot2/happymimi_msgs2/install/happymimi_msgs2/share/happymimi_msgs2/cmake/happymimi_msgs2Config-version.cmake
[0.876s] -- Installing: /home/shiba/ros2_ws/src/happymimi_robot2/happymimi_msgs2/install/happymimi_msgs2/share/happymimi_msgs2/package.xml
[0.878s] Invoked command in '/home/shiba/ros2_ws/src/happymimi_robot2/happymimi_msgs2/build/happymimi_msgs2' returned '0': CMAKE_PREFIX_PATH=/opt/ros/foxy /usr/bin/cmake --install /home/shiba/ros2_ws/src/happymimi_robot2/happymimi_msgs2/build/happymimi_msgs2
